0 info it worked if it ends with ok
1 verbose cli [ 'C:\\Program Files\\nodejs\\node.exe',
1 verbose cli   'C:\\Program Files\\nodejs\\node_modules\\npm\\bin\\npm-cli.js',
1 verbose cli   'install',
1 verbose cli   '--save',
1 verbose cli   'download' ]
2 info using npm@3.10.10
3 info using node@v6.11.2
4 silly loadCurrentTree Starting
5 silly install loadCurrentTree
6 silly install readLocalPackageData
7 silly fetchPackageMetaData download
8 silly fetchNamedPackageData download
9 silly mapToRegistry name download
10 silly mapToRegistry using default registry
11 silly mapToRegistry registry http://registry.npmjs.org/
12 silly mapToRegistry data Result {
12 silly mapToRegistry   raw: 'download',
12 silly mapToRegistry   scope: null,
12 silly mapToRegistry   escapedName: 'download',
12 silly mapToRegistry   name: 'download',
12 silly mapToRegistry   rawSpec: '',
12 silly mapToRegistry   spec: 'latest',
12 silly mapToRegistry   type: 'tag' }
13 silly mapToRegistry uri http://registry.npmjs.org/download
14 verbose request uri http://registry.npmjs.org/download
15 verbose request no auth needed
16 info attempt registry request try #1 at 2:56:14 PM
17 verbose request id 8542492858961eb8
18 http request GET http://registry.npmjs.org/download
19 http 200 http://registry.npmjs.org/download
20 verbose headers { server: 'nginx/1.10.3',
20 verbose headers   'content-type': 'application/json',
20 verbose headers   'last-modified': 'Mon, 28 Aug 2017 12:24:31 GMT',
20 verbose headers   etag: 'W/"59a40b7f-17ad7"',
20 verbose headers   'content-encoding': 'gzip',
20 verbose headers   'cache-control': 'max-age=300',
20 verbose headers   'content-length': '9872',
20 verbose headers   'accept-ranges': 'bytes',
20 verbose headers   date: 'Wed, 20 Sep 2017 09:26:15 GMT',
20 verbose headers   via: '1.1 varnish',
20 verbose headers   age: '14',
20 verbose headers   connection: 'keep-alive',
20 verbose headers   'x-served-by': 'cache-sin18028-SIN',
20 verbose headers   'x-cache': 'HIT',
20 verbose headers   'x-cache-hits': '148',
20 verbose headers   'x-timer': 'S1505899575.021489,VS0,VE0',
20 verbose headers   vary: 'Accept-Encoding, Accept' }
21 silly get cb [ 200,
21 silly get   { server: 'nginx/1.10.3',
21 silly get     'content-type': 'application/json',
21 silly get     'last-modified': 'Mon, 28 Aug 2017 12:24:31 GMT',
21 silly get     etag: 'W/"59a40b7f-17ad7"',
21 silly get     'content-encoding': 'gzip',
21 silly get     'cache-control': 'max-age=300',
21 silly get     'content-length': '9872',
21 silly get     'accept-ranges': 'bytes',
21 silly get     date: 'Wed, 20 Sep 2017 09:26:15 GMT',
21 silly get     via: '1.1 varnish',
21 silly get     age: '14',
21 silly get     connection: 'keep-alive',
21 silly get     'x-served-by': 'cache-sin18028-SIN',
21 silly get     'x-cache': 'HIT',
21 silly get     'x-cache-hits': '148',
21 silly get     'x-timer': 'S1505899575.021489,VS0,VE0',
21 silly get     vary: 'Accept-Encoding, Accept' } ]
22 verbose get saving download to C:\Users\pavan_solanke\AppData\Roaming\npm-cache\registry.npmjs.org\download\.cache.json
23 verbose correctMkdir C:\Users\pavan_solanke\AppData\Roaming\npm-cache correctMkdir not in flight; initializing
24 silly install normalizeTree
25 silly loadCurrentTree Finishing
26 silly loadIdealTree Starting
27 silly install loadIdealTree
28 silly cloneCurrentTree Starting
29 silly install cloneCurrentTreeToIdealTree
30 silly cloneCurrentTree Finishing
31 silly loadShrinkwrap Starting
32 silly install loadShrinkwrap
33 silly loadShrinkwrap Finishing
34 silly loadAllDepsIntoIdealTree Starting
35 silly install loadAllDepsIntoIdealTree
36 silly resolveWithNewModule download@6.2.5 checking installable status
37 silly cache add args [ 'download', null ]
38 verbose cache add spec download
39 silly cache add parsed spec Result {
39 silly cache add   raw: 'download',
39 silly cache add   scope: null,
39 silly cache add   escapedName: 'download',
39 silly cache add   name: 'download',
39 silly cache add   rawSpec: '',
39 silly cache add   spec: 'latest',
39 silly cache add   type: 'tag' }
40 silly addNamed download@latest
41 verbose addNamed "latest" is being treated as a dist-tag for download
42 info addNameTag [ 'download', 'latest' ]
43 silly mapToRegistry name download
44 silly mapToRegistry using default registry
45 silly mapToRegistry registry http://registry.npmjs.org/
46 silly mapToRegistry data Result {
46 silly mapToRegistry   raw: 'download',
46 silly mapToRegistry   scope: null,
46 silly mapToRegistry   escapedName: 'download',
46 silly mapToRegistry   name: 'download',
46 silly mapToRegistry   rawSpec: '',
46 silly mapToRegistry   spec: 'latest',
46 silly mapToRegistry   type: 'tag' }
47 silly mapToRegistry uri http://registry.npmjs.org/download
48 verbose addNameTag registry:http://registry.npmjs.org/download not in flight; fetching
49 verbose get http://registry.npmjs.org/download not expired, no request
50 silly addNameTag next cb for download with tag latest
51 silly addNamed download@6.2.5
52 verbose addNamed "6.2.5" is a plain semver version for download
53 silly mapToRegistry name download
54 silly mapToRegistry using default registry
55 silly mapToRegistry registry http://registry.npmjs.org/
56 silly mapToRegistry data Result {
56 silly mapToRegistry   raw: 'download',
56 silly mapToRegistry   scope: null,
56 silly mapToRegistry   escapedName: 'download',
56 silly mapToRegistry   name: 'download',
56 silly mapToRegistry   rawSpec: '',
56 silly mapToRegistry   spec: 'latest',
56 silly mapToRegistry   type: 'tag' }
57 silly mapToRegistry uri http://registry.npmjs.org/download
58 verbose addRemoteTarball http://registry.npmjs.org/download/-/download-6.2.5.tgz not in flight; adding
59 verbose addRemoteTarball [ 'http://registry.npmjs.org/download/-/download-6.2.5.tgz',
59 verbose addRemoteTarball   'acd6a542e4cd0bb42ca70cfc98c9e43b07039714' ]
60 info retry fetch attempt 1 at 2:56:16 PM
61 info attempt registry request try #1 at 2:56:16 PM
62 http fetch GET http://registry.npmjs.org/download/-/download-6.2.5.tgz
63 http fetch 200 http://registry.npmjs.org/download/-/download-6.2.5.tgz
64 silly fetchAndShaCheck shasum acd6a542e4cd0bb42ca70cfc98c9e43b07039714
65 silly rollbackFailedOptional Starting
66 silly rollbackFailedOptional Finishing
67 silly runTopLevelLifecycles Finishing
68 silly install printInstalled
69 verbose stack Error: shasum check failed for C:\Users\PAVAN_~1\AppData\Local\Temp\npm-4140-8716c93d\registry.npmjs.org\download\-\download-6.2.5.tgz
69 verbose stack Expected: acd6a542e4cd0bb42ca70cfc98c9e43b07039714
69 verbose stack Actual:   2d453fa8b11a456e4ee7afb84f197c6915b93afc
69 verbose stack From:     http://registry.npmjs.org/download/-/download-6.2.5.tgz
69 verbose stack     at C:\Program Files\nodejs\node_modules\npm\node_modules\sha\index.js:25:8
69 verbose stack     at ReadStream.<anonymous> (C:\Program Files\nodejs\node_modules\npm\node_modules\sha\index.js:72:7)
69 verbose stack     at emitNone (events.js:91:20)
69 verbose stack     at ReadStream.emit (events.js:185:7)
69 verbose stack     at endReadableNT (_stream_readable.js:974:12)
69 verbose stack     at _combinedTickCallback (internal/process/next_tick.js:80:11)
69 verbose stack     at process._tickCallback (internal/process/next_tick.js:104:9)
70 verbose cwd D:\angualr\demoprojectAng2
71 error Windows_NT 10.0.10586
72 error argv "C:\\Program Files\\nodejs\\node.exe" "C:\\Program Files\\nodejs\\node_modules\\npm\\bin\\npm-cli.js" "install" "--save" "download"
73 error node v6.11.2
74 error npm  v3.10.10
75 error shasum check failed for C:\Users\PAVAN_~1\AppData\Local\Temp\npm-4140-8716c93d\registry.npmjs.org\download\-\download-6.2.5.tgz
75 error Expected: acd6a542e4cd0bb42ca70cfc98c9e43b07039714
75 error Actual:   2d453fa8b11a456e4ee7afb84f197c6915b93afc
75 error From:     http://registry.npmjs.org/download/-/download-6.2.5.tgz
76 error If you need help, you may report this error at:
76 error     <https://github.com/npm/npm/issues>
77 verbose exit [ 1, true ]
